<?xml version="1.0" encoding="UTF-8"?>
<!-- Generated by org.testng.reporters.JUnitXMLReporter -->
<testsuite ignored="0" hostname="DESKTOP-8HESGMV" failures="2" tests="4" name="Default test" time="73.832" errors="0" timestamp="2023-10-27T08:58:51 IST">
  <testcase classname="io.cucumber.testng.AbstractTestNGCucumberTests" name="runScenario" time="21.094"/>
  <testcase classname="io.cucumber.testng.AbstractTestNGCucumberTests" name="runScenario" time="20.658"/>
  <testcase classname="io.cucumber.testng.AbstractTestNGCucumberTests" name="runScenario" time="7.673">
    <failure type="java.lang.IndexOutOfBoundsException" message="Index 2 out of bounds for length 2">
      <![CDATA[java.lang.IndexOutOfBoundsException: Index 2 out of bounds for length 2
at java.base/jdk.internal.util.Preconditions.outOfBounds(Preconditions.java:100)
at java.base/jdk.internal.util.Preconditions.outOfBoundsCheckIndex(Preconditions.java:106)
at java.base/jdk.internal.util.Preconditions.checkIndex(Preconditions.java:302)
at java.base/java.util.Objects.checkIndex(Objects.java:359)
at java.base/java.util.ArrayList.get(ArrayList.java:427)
at Testcases.TestLoginExcelLogin.fill_in_the_account_details_user_password_in_the_login_screen(TestLoginExcelLogin.java:63)
at ✽.Fill in the account details user "Sheet1" password 2 in the login screen.(file:///D:/Git3/OrangeHR/com.orangehrm/src/test/resources/Features/TestLoginFeature.feature:23)
]]>
    </failure>
  </testcase> <!-- runScenario -->
  <testcase classname="io.cucumber.testng.AbstractTestNGCucumberTests" name="runScenario" time="22.528">
    <failure type="java.lang.IndexOutOfBoundsException" message="Index 3 out of bounds for length 2">
      <![CDATA[java.lang.IndexOutOfBoundsException: Index 3 out of bounds for length 2
at java.base/jdk.internal.util.Preconditions.outOfBounds(Preconditions.java:100)
at java.base/jdk.internal.util.Preconditions.outOfBoundsCheckIndex(Preconditions.java:106)
at java.base/jdk.internal.util.Preconditions.checkIndex(Preconditions.java:302)
at java.base/java.util.Objects.checkIndex(Objects.java:359)
at java.base/java.util.ArrayList.get(ArrayList.java:427)
at Testcases.TestLoginExcelLogin.fill_in_the_account_details_user_password_in_the_login_screen(TestLoginExcelLogin.java:63)
at ✽.Fill in the account details user "Sheet1" password 3 in the login screen.(file:///D:/Git3/OrangeHR/com.orangehrm/src/test/resources/Features/TestLoginFeature.feature:23)
]]>
    </failure>
  </testcase> <!-- runScenario -->
</testsuite> <!-- Default test -->
