<?xml version="1.0" encoding="UTF-8"?>
<testng-results ignored="0" total="2" passed="2" failed="0" skipped="0">
  <reporter-output>
  </reporter-output>
  <suite started-at="2023-10-20T16:11:04Z" name="Suite" finished-at="2023-10-20T16:11:31Z" duration-ms="27396">
    <groups>
      <group name="cucumber">
        <method signature="AbstractTestNGCucumberTests.runScenario(io.cucumber.testng.PickleWrapper, io.cucumber.testng.FeatureWrapper)[pri:0, instance:runners.TestRunner@6e509ffa]" name="runScenario" class="io.cucumber.testng.AbstractTestNGCucumberTests"/>
      </group> <!-- cucumber -->
    </groups>
    <test started-at="2023-10-20T16:11:04Z" name="Cucumber with TestNG Test" finished-at="2023-10-20T16:11:31Z" duration-ms="27396">
      <class name="runners.TestRunner">
        <test-method is-config="true" signature="setUpClass()[pri:0, instance:runners.TestRunner@6e509ffa]" started-at="2023-10-20T16:11:04Z" name="setUpClass" finished-at="2023-10-20T16:11:05Z" duration-ms="834" status="PASS">
          <reporter-output>
          </reporter-output>
        </test-method> <!-- setUpClass -->
        <test-method signature="runScenario(io.cucumber.testng.PickleWrapper, io.cucumber.testng.FeatureWrapper)[pri:0, instance:runners.TestRunner@6e509ffa]" started-at="2023-10-20T16:11:05Z" name="runScenario" description="Runs Cucumber Scenarios" data-provider="scenarios" finished-at="2023-10-20T16:11:20Z" duration-ms="14817" status="PASS">
          <params>
            <param index="0">
              <value>
                <![CDATA["Verification of Login button with numbers of credential"]]>
              </value>
            </param>
            <param index="1">
              <value>
                <![CDATA["Web Automation Login, fill info and logout"]]>
              </value>
            </param>
          </params>
          <reporter-output>
          </reporter-output>
        </test-method> <!-- runScenario -->
        <test-method signature="runScenario(io.cucumber.testng.PickleWrapper, io.cucumber.testng.FeatureWrapper)[pri:0, instance:runners.TestRunner@6e509ffa]" started-at="2023-10-20T16:11:20Z" name="runScenario" description="Runs Cucumber Scenarios" data-provider="scenarios" finished-at="2023-10-20T16:11:31Z" duration-ms="11259" status="PASS">
          <params>
            <param index="0">
              <value>
                <![CDATA["Verification of Login button with numbers of credential"]]>
              </value>
            </param>
            <param index="1">
              <value>
                <![CDATA["Web Automation Login, fill info and logout"]]>
              </value>
            </param>
          </params>
          <reporter-output>
          </reporter-output>
        </test-method> <!-- runScenario -->
        <test-method is-config="true" signature="tearDownClass()[pri:0, instance:runners.TestRunner@6e509ffa]" started-at="2023-10-20T16:11:31Z" name="tearDownClass" finished-at="2023-10-20T16:11:31Z" duration-ms="453" status="PASS">
          <reporter-output>
          </reporter-output>
        </test-method> <!-- tearDownClass -->
      </class> <!-- runners.TestRunner -->
    </test> <!-- Cucumber with TestNG Test -->
  </suite> <!-- Suite -->
</testng-results>
